<?xml version="1.0" encoding="UTF-8"?>
<coverage generated="1746341651607" clover="3.2.0">
  <project timestamp="1746341651608" name="All files">
    <metrics statements="8" coveredstatements="7" conditionals="8" coveredconditionals="6" methods="2" coveredmethods="2" elements="18" coveredelements="15" complexity="0" loc="8" ncloc="8" packages="1" files="1" classes="1"/>
    <file name="index.ts" path="E:\PROJECTS\digit-converter-multilang\src\index.ts">
      <metrics statements="8" coveredstatements="7" conditionals="8" coveredconditionals="6" methods="2" coveredmethods="2"/>
      <line num="3" count="1" type="stmt"/>
      <line num="37" count="1" type="stmt"/>
      <line num="41" count="30" type="cond" truecount="1" falsecount="1"/>
      <line num="43" count="30" type="cond" truecount="2" falsecount="1"/>
      <line num="44" count="0" type="stmt"/>
      <line num="48" count="30" type="stmt"/>
      <line num="52" count="143" type="stmt"/>
      <line num="53" count="143" type="cond" truecount="2" falsecount="0"/>
    </file>
  </project>
</coverage>
