{"E:\\PROJECTS\\digit-converter-multilang\\src\\index.ts": {"path":"E:\\PROJECTS\\digit-converter-multilang\\src\\index.ts","statementMap":{"0":{"start":{"line":37,"column":0},"end":{"line":37,"column":16}},"1":{"start":{"line":3,"column":13},"end":{"line":18,"column":2}},"2":{"start":{"line":41,"column":14},"end":{"line":41,"column":48}},"3":{"start":{"line":43,"column":2},"end":{"line":45,"column":3}},"4":{"start":{"line":44,"column":4},"end":{"line":44,"column":14}},"5":{"start":{"line":48,"column":2},"end":{"line":55,"column":14}},"6":{"start":{"line":52,"column":20},"end":{"line":52,"column":35}},"7":{"start":{"line":53,"column":6},"end":{"line":53,"column":43}}},"fnMap":{"0":{"name":"convertDigits","decl":{"start":{"line":37,"column":16},"end":{"line":37,"column":29}},"loc":{"start":{"line":39,"column":32},"end":{"line":56,"column":1}}},"1":{"name":"(anonymous_1)","decl":{"start":{"line":51,"column":9},"end":{"line":51,"column":10}},"loc":{"start":{"line":51,"column":15},"end":{"line":54,"column":5}}}},"branchMap":{"0":{"loc":{"start":{"line":39,"column":2},"end":{"line":39,"column":32}},"type":"default-arg","locations":[{"start":{"line":39,"column":28},"end":{"line":39,"column":32}}]},"1":{"loc":{"start":{"line":41,"column":14},"end":{"line":41,"column":48}},"type":"binary-expr","locations":[{"start":{"line":41,"column":14},"end":{"line":41,"column":29}},{"start":{"line":41,"column":33},"end":{"line":41,"column":48}}]},"2":{"loc":{"start":{"line":43,"column":2},"end":{"line":45,"column":3}},"type":"if","locations":[{"start":{"line":43,"column":2},"end":{"line":45,"column":3}}]},"3":{"loc":{"start":{"line":43,"column":6},"end":{"line":43,"column":45}},"type":"binary-expr","locations":[{"start":{"line":43,"column":6},"end":{"line":43,"column":21}},{"start":{"line":43,"column":25},"end":{"line":43,"column":45}}]},"4":{"loc":{"start":{"line":53,"column":13},"end":{"line":53,"column":42}},"type":"cond-expr","locations":[{"start":{"line":53,"column":28},"end":{"line":53,"column":29}},{"start":{"line":53,"column":32},"end":{"line":53,"column":42}}]}},"s":{"0":1,"1":1,"2":30,"3":30,"4":0,"5":30,"6":143,"7":143},"f":{"0":30,"1":143},"b":{"0":[15],"1":[30,0],"2":[0],"3":[30,30],"4":[31,112]}}
}
